11:22:59
SOURCING minicons-env ENVIRONMENT (ANACONDA39)
SLURM_ARRAY_TASK_ID:  56
FILE NAME:  blimp/data/wh_vs_that_no_gap.jsonl
MODEL NAME:  bert-base-cased
MASKING:  original
wh_vs_that_no_gap
Mark figured out that most governments appreciate Steve. vs. Mark figured out who most governments appreciate Steve.
Danielle finds out that many organizations have alarmed Chad. vs. Danielle finds out who many organizations have alarmed Chad.
Veronica investigated that students might remember Julie. vs. Veronica investigated who students might remember Julie.
The Impressionists learn that some stories can't sound like Carl. vs. The Impressionists learn who some stories can't sound like Carl.
The waiters learn that most guests wouldn't have every hospital. vs. The waiters learn what most guests wouldn't have every hospital.


  0%|          | 0/2 [00:00<?, ?it/s]100%|██████████| 2/2 [1:15:37<00:00, 2250.76s/it]100%|██████████| 2/2 [1:15:37<00:00, 2250.76s/it]100%|██████████| 2/2 [1:15:37<00:00, 2268.87s/it]
Traceback (most recent call last):
  File "/nese/mit/group/evlab/u/ckauf/minicons/carina/run_BLiMP_exp_individually.py", line 113, in <module>
    main()
  File "/nese/mit/group/evlab/u/ckauf/minicons/carina/run_BLiMP_exp_individually.py", line 72, in main
    for batch in tqdm(stimuli_dl):
  File "/om2/user/ckauf/anaconda39/envs/minicons-env/lib/python3.9/site-packages/tqdm/std.py", line 1205, in __iter__
    self.update(n - last_print_n)
  File "/om2/user/ckauf/anaconda39/envs/minicons-env/lib/python3.9/site-packages/tqdm/std.py", line 1256, in update
    self.refresh(lock_args=self.lock_args)
  File "/om2/user/ckauf/anaconda39/envs/minicons-env/lib/python3.9/site-packages/tqdm/std.py", line 1361, in refresh
    self.display()
  File "/om2/user/ckauf/anaconda39/envs/minicons-env/lib/python3.9/site-packages/tqdm/std.py", line 1509, in display
    self.sp(self.__str__() if msg is None else msg)
  File "/om2/user/ckauf/anaconda39/envs/minicons-env/lib/python3.9/site-packages/tqdm/std.py", line 350, in print_status
    fp_write('\r' + s + (' ' * max(last_len[0] - len_s, 0)))
  File "/om2/user/ckauf/anaconda39/envs/minicons-env/lib/python3.9/site-packages/tqdm/std.py", line 343, in fp_write
    fp.write(_unicode(s))
  File "/om2/user/ckauf/anaconda39/envs/minicons-env/lib/python3.9/site-packages/tqdm/utils.py", line 145, in inner
    return func(*args, **kwargs)
OSError: [Errno 116] Stale file handle
12:38:42
All complete!
